<?xml version="1.0" encoding="UTF-8"?>
<!-- Generated by org.testng.reporters.JUnitReportReporter -->
<testsuite hostname="blr-mp4mr" name="com.akamai.Testng123.Hello" tests="2" failures="0" timestamp="16 Nov 2016 05:16:05 GMT" time="0.013" errors="0">
  <testcase name="test2" time="0.002" classname="com.akamai.Testng123.Hello"/>
  <testcase name="test1" time="0.011" classname="com.akamai.Testng123.Hello"/>
</testsuite> <!-- com.akamai.Testng123.Hello -->
